<?xml version="1.0" encoding="UTF-8"?>
<testng-results skipped="0" failed="0" total="1" passed="1">
  <reporter-output>
  </reporter-output>
  <suite name="InetBankingV1" duration-ms="10691" started-at="2020-03-09T20:45:27Z" finished-at="2020-03-09T20:45:38Z">
    <groups>
    </groups>
    <test name="BankingApp test" duration-ms="10691" started-at="2020-03-09T20:45:27Z" finished-at="2020-03-09T20:45:38Z">
      <class name="com.inetbanking.testCases.TC_LoginTest_001">
        <test-method status="PASS" signature="setup(java.lang.String)[pri:0, instance:com.inetbanking.testCases.TC_LoginTest_001@28d25987]" name="setup" is-config="true" duration-ms="5890" started-at="2020-03-09T20:45:27Z" finished-at="2020-03-09T20:45:33Z">
          <params>
            <param index="0">
              <value>
                <![CDATA[chrome]]>
              </value>
            </param>
          </params>
        </test-method> <!-- setup -->
        <test-method status="PASS" signature="loginTest()[pri:0, instance:com.inetbanking.testCases.TC_LoginTest_001@28d25987]" name="loginTest" duration-ms="4188" started-at="2020-03-09T20:45:33Z" finished-at="2020-03-09T20:45:37Z">
        </test-method> <!-- loginTest -->
        <test-method status="PASS" signature="tearDown()[pri:0, instance:com.inetbanking.testCases.TC_LoginTest_001@28d25987]" name="tearDown" is-config="true" duration-ms="604" started-at="2020-03-09T20:45:37Z" finished-at="2020-03-09T20:45:38Z">
        </test-method> <!-- tearDown -->
      </class> <!-- com.inetbanking.testCases.TC_LoginTest_001 -->
    </test> <!-- BankingApp test -->
  </suite> <!-- InetBankingV1 -->
</testng-results>
